C:\Users\ethan\.CLion2019.2\system\cygwin_cmake\bin\cmake.exe -DCMAKE_BUILD_TYPE=Debug -G "CodeBlocks - Unix Makefiles" "/cygdrive/c/Users/ethan/Documents/GitHub/Ray-Tracing/Sphere Demo"
-- The CXX compiler identification is GNU 8.2.0
-- Check for working CXX compiler: /cygdrive/c/MinGW/bin/c++.exe
-- Check for working CXX compiler: /cygdrive/c/MinGW/bin/c++.exe -- broken
CMake Error at /cygdrive/c/Users/ethan/.CLion2019.2/system/cygwin_cmake/share/cmake-3.14.5/Modules/CMakeTestCXXCompiler.cmake:53 (message):
  The C++ compiler

    "/cygdrive/c/MinGW/bin/c++.exe"

  is not able to compile a simple test program.

  It fails with the following output:

    Change Dir: /cygdrive/c/Users/ethan/Documents/GitHub/Ray-Tracing/Sphere Demo/cmake-build-debug-cygwin/CMakeFiles/CMakeTmp
    
    Run Build Command(s):/cygdrive/c/WinAVR-20100110/utils/bin/make.exe cmTC_0d4b7/fast 
    C:/WinAVR-20100110/utils/bin/make -f CMakeFiles/cmTC_0d4b7.dir/build.make CMakeFiles/cmTC_0d4b7.dir/build
    make[1]: Entering directory `C:/Users/ethan/Documents/GitHub/Ray-Tracing/Sphere Demo/cmake-build-debug-cygwin/CMakeFiles/CMakeTmp'
    Building CXX object CMakeFiles/cmTC_0d4b7.dir/testCXXCompiler.cxx.o
    /cygdrive/c/MinGW/bin/c++.exe     -o CMakeFiles/cmTC_0d4b7.dir/testCXXCompiler.cxx.o -c "/cygdrive/c/Users/ethan/Documents/GitHub/Ray-Tracing/Sphere Demo/cmake-build-debug-cygwin/CMakeFiles/CMakeTmp/testCXXCompiler.cxx"
    c++.exe: error: /cygdrive/c/Users/ethan/Documents/GitHub/Ray-Tracing/Sphere Demo/cmake-build-debug-cygwin/CMakeFiles/CMakeTmp/testCXXCompiler.cxx: No such file or directory
    c++.exe: fatal error: no input files
    compilation terminated.
    make[1]: *** [CMakeFiles/cmTC_0d4b7.dir/testCXXCompiler.cxx.o] Error 1
    make[1]: Leaving directory `C:/Users/ethan/Documents/GitHub/Ray-Tracing/Sphere Demo/cmake-build-debug-cygwin/CMakeFiles/CMakeTmp'
    make: *** [cmTC_0d4b7/fast] Error 2
    

  

  CMake will not be able to correctly generate this project.
Call Stack (most recent call first):
  CMakeLists.txt:2 (project)


-- Configuring incomplete, errors occurred!
See also "/cygdrive/c/Users/ethan/Documents/GitHub/Ray-Tracing/Sphere Demo/cmake-build-debug-cygwin/CMakeFiles/CMakeOutput.log".
See also "/cygdrive/c/Users/ethan/Documents/GitHub/Ray-Tracing/Sphere Demo/cmake-build-debug-cygwin/CMakeFiles/CMakeError.log".
